SonarCloud plugins:
  - IaC Code Quality and Security 1.7.0.2012 (iac)
  - PL/SQL Code Quality and Security 3.7.0.4372 (plsql)
  - Scala Code Quality and Security 1.9.0.3429 (sonarscala)
  - C# Code Quality and Security 8.37.0.45539 (csharp)
  - Vulnerability Analysis 9.4.0.15885 (security)
  - Java Code Quality and Security 7.11.0.29148 (java)
  - HTML Code Quality and Security 3.6.0.3106 (web)
  - Flex Code Quality and Security 2.7.0.2865 (flex)
  - XML Code Quality and Security 2.5.0.3376 (xml)
  - Text file Code Quality and Security 1.0.0.120 (text)
  - VB.NET Code Quality and Security 8.37.0.45539 (vbnet)
  - Swift Code Quality and Security 4.5.0.5305 (swift)
  - CFamily Code Quality and Security 6.32.0.44918 (cpp)
  - Python Code Quality and Security 3.12.0.9583 (python)
  - Go Code Quality and Security 1.9.0.3429 (go)
  - JaCoCo 1.1.1.1157 (jacoco)
  - Kotlin Code Quality and Security 2.9.0.1147 (kotlin)
  - Mercurial 1.1.2 (scmmercurial)
  - T-SQL Code Quality and Security 1.6.0.4844 (tsql)
  - Apex Code Quality and Security 1.9.0.3429 (sonarapex)
  - JavaScript/TypeScript/CSS Code Quality and Security 9.1.0.17747 (javascript)
  - Ruby Code Quality and Security 1.9.0.3429 (ruby)
  - Vulnerability Rules for C# 9.4.0.15885 (securitycsharpfrontend)
  - Vulnerability Rules for Java 9.4.0.15885 (securityjavafrontend)
  - License for SonarLint 8.0.0.27985 (license)
  - Vulnerability Rules for JS 9.4.0.15885 (securityjsfrontend)
  - COBOL Code Quality 4.6.2.4876 (cobol)
  - Vulnerability Rules for Python 9.4.0.15885 (securitypythonfrontend)
  - PHP Code Quality and Security 3.23.1.8766 (php)
  - ABAP Code Quality and Security 3.10.0.3628 (abap)
  - Configuration detection fot Code Quality and Security 1.2.0.267 (config)
  - Vulnerability Rules for PHP 9.4.0.15885 (securityphpfrontend)
Global server settings:
  - email.from=noreply@sonarcloud.io
  - email.fromName=SonarCloud
  - email.prefix=[SonarCloud]
  - node_10_end_of_support_date=1620604800000
  - node_10_grace_period_termination_date=1621814400000
  - sonar.auth.bitbucket.enabled=true
  - sonar.auth.microsoft.enabled=true
  - sonar.core.id=1BD809FA-AWHW8ct9-T_TB3XqouNu
  - sonar.core.serverBaseURL=https://sonarcloud.io
  - sonar.core.startTime=2022-03-31T12:10:06+0200
  - sonar.dbcleaner.weeksBeforeDeletingAllSnapshots=260
  - sonar.dbcleaner.weeksBeforeKeepingOnlyOneSnapshotByMonth=4
  - sonar.dbcleaner.weeksBeforeKeepingOnlyOneSnapshotByWeek=1
  - sonar.global.exclusions=**/build-wrapper-dump.json
  - sonar.lf.enableGravatar=true
  - sonar.lf.logoWidthPx=105
  - sonar.maintenance_mode.link=https://sonarcloud.statuspage.io/incidents/66vlr4dc3jwy
  - sonar.maintenance_mode.message=Results of analyses performed prior to 6:15am CET may not be available yet and will be progressively provided throughout coming hours. Results of analysis performed after 8:00am CET are available.
  - sonar.maintenance_mode.start_date=2022-03-26T23:00:00.000+01:00
  - sonar.organizations.anyoneCanCreate=true
  - sonar.organizations.createPersonalOrg=true
  - sonar.plsql.file.suffixes=sql,tab,pkb
  - sonar.tsql.file.suffixes=.tsql
Project server settings:
  - sonar.autoscan.enabled=false
Project scanner properties:
  - sonar.binaries=C:\Users\Anthony\Desktop\repos\lab-03-a-warleon\target\classes
  - sonar.groovy.binaries=C:\Users\Anthony\Desktop\repos\lab-03-a-warleon\target\classes
  - sonar.host.url=https://sonarcloud.io
  - sonar.java.binaries=C:\Users\Anthony\Desktop\repos\lab-03-a-warleon\target\classes
  - sonar.java.libraries=C:\Users\Anthony\.m2\repository\org\testng\testng\7.0.0-beta1\testng-7.0.0-beta1.jar,C:\Users\Anthony\.m2\repository\com\beust\jcommander\1.72\jcommander-1.72.jar,C:\Users\Anthony\.m2\repository\org\apache\logging\log4j\log4j-api\2.13.3\log4j-api-2.13.3.jar,C:\Users\Anthony\.m2\repository\org\apache\logging\log4j\log4j-core\2.13.3\log4j-core-2.13.3.jar
  - sonar.java.source=1.8
  - sonar.java.target=1.8
  - sonar.java.test.binaries=C:\Users\Anthony\Desktop\repos\lab-03-a-warleon\target\test-classes
  - sonar.java.test.libraries=C:\Users\Anthony\Desktop\repos\lab-03-a-warleon\target\classes,C:\Users\Anthony\.m2\repository\org\testng\testng\7.0.0-beta1\testng-7.0.0-beta1.jar,C:\Users\Anthony\.m2\repository\com\beust\jcommander\1.72\jcommander-1.72.jar,C:\Users\Anthony\.m2\repository\org\apache\logging\log4j\log4j-api\2.13.3\log4j-api-2.13.3.jar,C:\Users\Anthony\.m2\repository\org\apache\logging\log4j\log4j-core\2.13.3\log4j-core-2.13.3.jar
  - sonar.junit.reportPaths=C:\Users\Anthony\Desktop\repos\lab-03-a-warleon\target\surefire-reports
  - sonar.junit.reportsPath=C:\Users\Anthony\Desktop\repos\lab-03-a-warleon\target\surefire-reports
  - sonar.libraries=C:\Users\Anthony\.m2\repository\org\testng\testng\7.0.0-beta1\testng-7.0.0-beta1.jar,C:\Users\Anthony\.m2\repository\com\beust\jcommander\1.72\jcommander-1.72.jar,C:\Users\Anthony\.m2\repository\org\apache\logging\log4j\log4j-api\2.13.3\log4j-api-2.13.3.jar,C:\Users\Anthony\.m2\repository\org\apache\logging\log4j\log4j-core\2.13.3\log4j-core-2.13.3.jar
  - sonar.links.ci=
  - sonar.links.homepage=
  - sonar.links.issue=
  - sonar.links.scm=
  - sonar.links.scm_dev=
  - sonar.moduleKey=cs2901-2022-1-Ingenieria-de-Software_lab-03-a-warleon:cs2901:lab2
  - sonar.organization=cs2901-2022-1-ingenieria-de-software
  - sonar.projectBaseDir=C:\Users\Anthony\Desktop\repos\lab-03-a-warleon
  - sonar.projectBuildDir=C:\Users\Anthony\Desktop\repos\lab-03-a-warleon\target
  - sonar.projectKey=cs2901-2022-1-Ingenieria-de-Software_lab-03-a-warleon
  - sonar.projectName=lab2
  - sonar.projectVersion=0.1
  - sonar.scanner.app=ScannerMaven
  - sonar.scanner.appVersion=3.9.1.2184/3.8.5
  - sonar.sourceEncoding=windows-1252
  - sonar.sources=C:\Users\Anthony\Desktop\repos\lab-03-a-warleon\pom.xml,C:\Users\Anthony\Desktop\repos\lab-03-a-warleon\src\main\java
  - sonar.tests=C:\Users\Anthony\Desktop\repos\lab-03-a-warleon\src\test\java
  - sonar.working.directory=C:\Users\Anthony\Desktop\repos\lab-03-a-warleon\target\sonar
